
> Task :run
:: loading settings :: url = jar:file:/home/ramy/.gradle/caches/modules-2/files-2.1/org.apache.ivy/ivy/2.4.0/5abe4c24bbe992a9ac07ca563d5bd3e8d569e9ed/ivy-2.4.0.jar!/org/apache/ivy/core/settings/ivysettings.xml

WARNING: Handling of Java reflection is disabled!

New context-insensitive analysis
Id       : d97f6898445e82b1a863fa08780e0bef60ed0200db8d745e5ae29ade8baf41ea
Inputs   : GPL.jar
Libraries: 
Using a timeout of 90 min.
[Task FACTS...]
[Task COMPILE...]
-- Fact Generation --
Compiling Datalog to C++ program and executable
Compilation command: [souffle, /home/ramy/doop-lifted/out/context-insensitive/d97f6898445e82b1a863fa08780e0bef60ed0200db8d745e5ae29ade8baf41ea/gen_6634620766920478042.dl, -j8, -F/home/ramy/doop-lifted/out/context-insensitive/d97f6898445e82b1a863fa08780e0bef60ed0200db8d745e5ae29ade8baf41ea/facts, -D/home/ramy/doop-lifted/out/context-insensitive/d97f6898445e82b1a863fa08780e0bef60ed0200db8d745e5ae29ade8baf41ea/database]
Preprocessing application: GPL.jar
Adding archive: GPL.jar
Classes in input (application) jar(s): 26
Classes in dependency jar(s): 0
Total classes in Scene: 26
Retrieved all bodies.
Checking class heaps for missing types...
Fact generation cores: 8
Method <java.util.LinkedList: void <init>()> is phantom.
Method <java.util.LinkedList: void <init>()> is phantom.
Method <java.lang.Object: void <init>()> is phantom.
Method <java.lang.Object: void <init>()> is phantom.
Method <java.lang.Object: void <init>()> is phantom.
Method <java.lang.Object: void <init>()> is phantom.
Method <java.util.LinkedList: void <init>()> is phantom.
Method <java.util.LinkedList: void <init>()> is phantom.
Method <java.util.LinkedList: void <init>()> is phantom.
Method <java.util.LinkedList: void <init>()> is phantom.
Parameter type java.util.Comparator of <Graph: void sortVertices(java.util.Comparator)> is phantom.
Method signature <Graph: void sortVertices(java.util.Comparator)> contains phantom types.
Method <java.util.Collections: void sort(java.util.List,java.util.Comparator)> is phantom.
Method <java.util.Collections: void sort(java.util.List,java.util.Comparator)> is phantom.
Parameter type java.util.Comparator of <Graph: void sortEdges(java.util.Comparator)> is phantom.
Method signature <Graph: void sortEdges(java.util.Comparator)> contains phantom types.
Method <java.util.Collections: void sort(java.util.List,java.util.Comparator)> is phantom.
Method <java.util.Collections: void sort(java.util.List,java.util.Comparator)> is phantom.
Parameter type java.lang.String of <Graph: Vertex findsVertex(java.lang.String)> is phantom.
Method signature <Graph: Vertex findsVertex(java.lang.String)> contains phantom types.
Method <java.lang.String: boolean equals(java.lang.Object)> is phantom.
Method <java.lang.String: boolean equals(java.lang.Object)> is phantom.
Method <java.io.PrintStream: void println(java.lang.String)> is phantom.
Method <java.io.PrintStream: void println(java.lang.String)> is phantom.
Method <java.io.PrintStream: void println(java.lang.String)> is phantom.
Method <java.io.PrintStream: void println(java.lang.String)> is phantom.
Method <java.util.LinkedList: java.lang.Object get(int)> is phantom.
Method <java.util.LinkedList: java.lang.Object get(int)> is phantom.
Method <java.util.LinkedList: int size()> is phantom.
Method <java.util.LinkedList: int size()> is phantom.
Method <java.io.PrintStream: void println(java.lang.String)> is phantom.
Method <java.io.PrintStream: void println(java.lang.String)> is phantom.
Method <java.io.PrintStream: void println(java.lang.String)> is phantom.
Method <java.io.PrintStream: void println(java.lang.String)> is phantom.
Method <java.io.PrintStream: void println(java.lang.String)> is phantom.
Method <java.io.PrintStream: void println(java.lang.String)> is phantom.
Method <java.util.LinkedList: boolean add(java.lang.Object)> is phantom.
Method <java.util.LinkedList: boolean add(java.lang.Object)> is phantom.
Exception java.io.IOException is phantom.
Method signature <Graph: void runBenchmark(java.lang.String)> contains phantom types.
Method <java.io.FileReader: void <init>(java.lang.String)> is phantom.
Method <java.io.FileReader: void <init>(java.lang.String)> is phantom.
Method <java.lang.StringBuilder: void <init>(java.lang.String)> is phantom.
Method <java.lang.StringBuilder: void <init>(java.lang.String)> is phantom.
Method <java.lang.StringBuilder: java.lang.StringBuilder append(java.lang.String)> is phantom.
Method <java.lang.StringBuilder: java.lang.StringBuilder append(java.lang.String)> is phantom.
Method <java.lang.StringBuilder: java.lang.StringBuilder append(java.lang.String)> is phantom.
Method <java.lang.StringBuilder: java.lang.StringBuilder append(java.lang.String)> is phantom.
Method <java.lang.StringBuilder: java.lang.String toString()> is phantom.
Method <java.lang.StringBuilder: java.lang.String toString()> is phantom.
Method <java.io.PrintStream: void println(java.lang.String)> is phantom.
Method <java.io.PrintStream: void println(java.lang.String)> is phantom.
Exception java.io.IOException is phantom.
Method signature <Graph: void stopBenchmark()> contains phantom types.
Method <java.io.Reader: void close()> is phantom.
Method <java.io.Reader: void close()> is phantom.
Exception java.io.IOException is phantom.
Method signature <Graph: int readNumber()> contains phantom types.
Method <java.io.Reader: int read()> is phantom.
Method <java.io.Reader: int read()> is phantom.
Method <java.io.Reader: int read()> is phantom.
Method <java.io.Reader: int read()> is phantom.
Method <java.io.Reader: int read()> is phantom.
Method <java.io.Reader: int read()> is phantom.
Method <java.lang.String: void <init>(char[])> is phantom.
Method <java.lang.String: void <init>(char[])> is phantom.
Method <java.lang.String: java.lang.String substring(int,int)> is phantom.
Method <java.lang.String: java.lang.String substring(int,int)> is phantom.
Method <java.lang.String: void <init>(java.lang.String)> is phantom.
Method <java.lang.String: void <init>(java.lang.String)> is phantom.
Method <java.lang.String: java.lang.String trim()> is phantom.
Method <java.lang.String: java.lang.String trim()> is phantom.
Method <java.lang.Integer: int parseInt(java.lang.String,int)> is phantom.
Method <java.lang.Integer: int parseInt(java.lang.String,int)> is phantom.
Method <java.lang.System: long currentTimeMillis()> is phantom.
Method <java.lang.System: long currentTimeMillis()> is phantom.
Method <java.lang.System: long currentTimeMillis()> is phantom.
Method <java.lang.System: long currentTimeMillis()> is phantom.
Method <java.lang.System: long currentTimeMillis()> is phantom.
Method <java.lang.System: long currentTimeMillis()> is phantom.
Method <java.lang.System: long currentTimeMillis()> is phantom.
Method <java.lang.System: long currentTimeMillis()> is phantom.
Method <java.lang.StringBuilder: void <init>(java.lang.String)> is phantom.
Method <java.lang.StringBuilder: void <init>(java.lang.String)> is phantom.
Method <java.lang.StringBuilder: java.lang.StringBuilder append(long)> is phantom.
Method <java.lang.StringBuilder: java.lang.StringBuilder append(long)> is phantom.
Method <java.lang.StringBuilder: java.lang.StringBuilder append(java.lang.String)> is phantom.
Method <java.lang.StringBuilder: java.lang.StringBuilder append(java.lang.String)> is phantom.
Method <java.lang.StringBuilder: java.lang.String toString()> is phantom.
Method <java.lang.StringBuilder: java.lang.String toString()> is phantom.
Method <java.io.PrintStream: void println(java.lang.String)> is phantom.
Method <java.io.PrintStream: void println(java.lang.String)> is phantom.
Method <java.lang.StringBuilder: void <init>(java.lang.String)> is phantom.
Method <java.lang.StringBuilder: void <init>(java.lang.String)> is phantom.
Method <java.lang.StringBuilder: java.lang.StringBuilder append(boolean)> is phantom.
Method <java.lang.StringBuilder: java.lang.StringBuilder append(boolean)> is phantom.
Method <java.lang.StringBuilder: java.lang.String toString()> is phantom.
Method <java.lang.StringBuilder: java.lang.String toString()> is phantom.
Method <java.io.PrintStream: void println(java.lang.String)> is phantom.
Method <java.io.PrintStream: void println(java.lang.String)> is phantom.
Method <java.lang.String: boolean equals(java.lang.Object)> is phantom.
Method <java.lang.String: boolean equals(java.lang.Object)> is phantom.
Method <java.lang.String: boolean equals(java.lang.Object)> is phantom.
Method <java.lang.String: boolean equals(java.lang.Object)> is phantom.
Method <java.lang.String: boolean equals(java.lang.Object)> is phantom.
Method <java.lang.String: boolean equals(java.lang.Object)> is phantom.
Method <java.lang.String: boolean equals(java.lang.Object)> is phantom.
Method <java.lang.String: boolean equals(java.lang.Object)> is phantom.
Method <java.util.HashMap: void <init>()> is phantom.
Method <java.util.HashMap: void <init>()> is phantom.
Method <java.util.Map: java.lang.Object put(java.lang.Object,java.lang.Object)> is phantom.
Method <java.util.Map: java.lang.Object put(java.lang.Object,java.lang.Object)> is phantom.
Method <java.util.Map: java.lang.Object get(java.lang.Object)> is phantom.
Method <java.util.Map: java.lang.Object get(java.lang.Object)> is phantom.
Method <java.util.LinkedList: void <init>()> is phantom.
Method <java.util.LinkedList: void <init>()> is phantom.
Method <java.util.LinkedList: void <init>()> is phantom.
Method <java.util.LinkedList: void <init>()> is phantom.
Method <java.util.LinkedList: void <init>()> is phantom.
Method <java.util.LinkedList: void <init>()> is phantom.
Method <java.lang.String: boolean equals(java.lang.Object)> is phantom.
Method <java.lang.String: boolean equals(java.lang.Object)> is phantom.
Method <java.util.LinkedList: boolean add(java.lang.Object)> is phantom.
Method <java.util.LinkedList: boolean add(java.lang.Object)> is phantom.
Method <java.util.LinkedList: int size()> is phantom.
Method <java.util.LinkedList: int size()> is phantom.
Method <java.util.LinkedList: int size()> is phantom.
Method <java.util.LinkedList: int size()> is phantom.
Method <java.util.LinkedList: java.lang.Object get(int)> is phantom.
Method <java.util.LinkedList: java.lang.Object get(int)> is phantom.
Method <java.util.LinkedList: boolean add(java.lang.Object)> is phantom.
Method <java.util.LinkedList: boolean add(java.lang.Object)> is phantom.
Method <java.util.LinkedList: int size()> is phantom.
Method <java.util.LinkedList: int size()> is phantom.
Method <java.util.LinkedList: boolean add(java.lang.Object)> is phantom.
Method <java.util.LinkedList: boolean add(java.lang.Object)> is phantom.
Method <java.lang.Object: boolean equals(java.lang.Object)> is phantom.
Method <java.lang.Object: boolean equals(java.lang.Object)> is phantom.
Method <java.util.LinkedList: boolean add(java.lang.Object)> is phantom.
Method <java.util.LinkedList: boolean add(java.lang.Object)> is phantom.
Method <java.util.LinkedList: void clear()> is phantom.
Method <java.util.LinkedList: void clear()> is phantom.
Method <java.util.LinkedList: java.lang.Object get(int)> is phantom.
Method <java.util.LinkedList: java.lang.Object get(int)> is phantom.
Method <java.util.LinkedList: boolean add(java.lang.Object)> is phantom.
Method <java.util.LinkedList: boolean add(java.lang.Object)> is phantom.
Method <java.util.LinkedList: int size()> is phantom.
Method <java.util.LinkedList: int size()> is phantom.
Method <java.util.LinkedList: boolean add(java.lang.Object)> is phantom.
Method <java.util.LinkedList: boolean add(java.lang.Object)> is phantom.
Method <java.lang.Object: boolean equals(java.lang.Object)> is phantom.
Method <java.lang.Object: boolean equals(java.lang.Object)> is phantom.
Method <java.util.LinkedList: boolean add(java.lang.Object)> is phantom.
Method <java.util.LinkedList: boolean add(java.lang.Object)> is phantom.
Method <java.util.LinkedList: void clear()> is phantom.
Method <java.util.LinkedList: void clear()> is phantom.
Method <java.util.LinkedList: java.lang.Object get(int)> is phantom.
Method <java.util.LinkedList: java.lang.Object get(int)> is phantom.
Method <java.util.LinkedList: int size()> is phantom.
Method <java.util.LinkedList: int size()> is phantom.
Method <java.util.LinkedList: void <init>()> is phantom.
Method <java.util.LinkedList: void <init>()> is phantom.
Method <java.util.HashSet: void <init>()> is phantom.
Method <java.util.HashSet: void <init>()> is phantom.
Method <java.util.LinkedList: boolean add(java.lang.Object)> is phantom.
Method <java.util.LinkedList: boolean add(java.lang.Object)> is phantom.
Method <java.util.Set: boolean add(java.lang.Object)> is phantom.
Method <java.util.Set: boolean add(java.lang.Object)> is phantom.
Method <java.util.LinkedList: boolean add(java.lang.Object)> is phantom.
Method <java.util.LinkedList: boolean add(java.lang.Object)> is phantom.
Method <java.util.Set: boolean add(java.lang.Object)> is phantom.
Method <java.util.Set: boolean add(java.lang.Object)> is phantom.
Method <java.util.LinkedList: java.lang.Object removeFirst()> is phantom.
Method <java.util.LinkedList: java.lang.Object removeFirst()> is phantom.
Method <java.util.Set: boolean remove(java.lang.Object)> is phantom.
Method <java.util.Set: boolean remove(java.lang.Object)> is phantom.
Method <java.util.LinkedList: java.lang.Object get(int)> is phantom.
Method <java.util.LinkedList: java.lang.Object get(int)> is phantom.
Method <java.util.Set: boolean contains(java.lang.Object)> is phantom.
Method <java.util.Set: boolean contains(java.lang.Object)> is phantom.
Method <java.util.LinkedList: java.lang.Object set(int,java.lang.Object)> is phantom.
Method <java.util.LinkedList: java.lang.Object set(int,java.lang.Object)> is phantom.
Method <java.util.LinkedList: boolean remove(java.lang.Object)> is phantom.
Method <java.util.LinkedList: boolean remove(java.lang.Object)> is phantom.
Method <java.util.Set: boolean remove(java.lang.Object)> is phantom.
Method <java.util.Set: boolean remove(java.lang.Object)> is phantom.
Method <java.util.Collections: int binarySearch(java.util.List,java.lang.Object,java.util.Comparator)> is phantom.
Method <java.util.Collections: int binarySearch(java.util.List,java.lang.Object,java.util.Comparator)> is phantom.
Method <java.util.LinkedList: void add(int,java.lang.Object)> is phantom.
Method <java.util.LinkedList: void add(int,java.lang.Object)> is phantom.
Method <java.util.LinkedList: void add(int,java.lang.Object)> is phantom.
Method <java.util.LinkedList: void add(int,java.lang.Object)> is phantom.
Method <java.util.Set: boolean add(java.lang.Object)> is phantom.
Method <java.util.Set: boolean add(java.lang.Object)> is phantom.
Method <java.util.LinkedList: int size()> is phantom.
Method <java.util.LinkedList: int size()> is phantom.
Return type java.util.LinkedList of <Graph: java.util.LinkedList access$0(Graph)> is phantom.
Method signature <Graph: java.util.LinkedList access$0(Graph)> contains phantom types.
Method <java.lang.Object: void <init>()> is phantom.
Method <java.lang.Object: void <init>()> is phantom.
Method <java.lang.Object: void <init>()> is phantom.
Method <java.lang.Object: void <init>()> is phantom.
Method <java.lang.Object: void <init>()> is phantom.
Method <java.lang.Object: void <init>()> is phantom.
Method <java.util.LinkedList: java.util.Iterator iterator()> is phantom.
Method <java.util.LinkedList: java.util.Iterator iterator()> is phantom.
Method <java.util.Iterator: java.lang.Object next()> is phantom.
Method <java.util.Iterator: java.lang.Object next()> is phantom.
Method <java.util.Iterator: boolean hasNext()> is phantom.
Method <java.util.Iterator: boolean hasNext()> is phantom.
Method <java.lang.Object: void <init>()> is phantom.
Method <java.lang.Object: void <init>()> is phantom.
Method <java.util.LinkedList: java.util.Iterator iterator()> is phantom.
Method <java.util.LinkedList: java.util.Iterator iterator()> is phantom.
Method <java.util.Iterator: java.lang.Object next()> is phantom.
Method <java.util.Iterator: java.lang.Object next()> is phantom.
Method <java.util.Iterator: boolean hasNext()> is phantom.
Method <java.util.Iterator: boolean hasNext()> is phantom.
Method <java.util.LinkedList: java.util.Iterator iterator()> is phantom.
Method <java.util.LinkedList: java.util.Iterator iterator()> is phantom.
Method <java.util.Iterator: java.lang.Object next()> is phantom.
Method <java.util.Iterator: java.lang.Object next()> is phantom.
Method <java.util.Iterator: boolean hasNext()> is phantom.
Method <java.util.Iterator: boolean hasNext()> is phantom.
Method <java.lang.Object: void <init>()> is phantom.
Method <java.lang.Object: void <init>()> is phantom.
Parameter type java.lang.Object of <Graph$Comparator3: int compare(java.lang.Object,java.lang.Object)> is phantom.
Method signature <Graph$Comparator3: int compare(java.lang.Object,java.lang.Object)> contains phantom types.
Method <java.util.LinkedList: java.util.Iterator iterator()> is phantom.
Method <java.util.LinkedList: java.util.Iterator iterator()> is phantom.
Method <java.util.Iterator: java.lang.Object next()> is phantom.
Method <java.util.Iterator: java.lang.Object next()> is phantom.
Method <java.util.Iterator: boolean hasNext()> is phantom.
Method <java.util.Iterator: boolean hasNext()> is phantom.
Method <java.lang.Object: void <init>()> is phantom.
Method <java.lang.Object: void <init>()> is phantom.
Parameter type java.lang.String[] of <Main: void main(java.lang.String[])> is phantom.
Method signature <Main: void main(java.lang.String[])> contains phantom types.
Method <java.lang.System: long currentTimeMillis()> is phantom.
Method <java.lang.System: long currentTimeMillis()> is phantom.
Method <java.lang.StringBuilder: void <init>(java.lang.String)> is phantom.
Method <java.lang.StringBuilder: void <init>(java.lang.String)> is phantom.
Method <java.lang.StringBuilder: java.lang.StringBuilder append(int)> is phantom.
Method <java.lang.StringBuilder: java.lang.StringBuilder append(int)> is phantom.
Method <java.lang.StringBuilder: java.lang.String toString()> is phantom.
Method <java.lang.StringBuilder: java.lang.String toString()> is phantom.
Method <java.lang.System: long currentTimeMillis()> is phantom.
Method <java.lang.System: long currentTimeMillis()> is phantom.
Method <java.lang.StringBuilder: void <init>(java.lang.String)> is phantom.
Method <java.lang.StringBuilder: void <init>(java.lang.String)> is phantom.
Method <java.lang.StringBuilder: java.lang.StringBuilder append(long)> is phantom.
Method <java.lang.StringBuilder: java.lang.StringBuilder append(long)> is phantom.
Method <java.lang.StringBuilder: java.lang.String toString()> is phantom.
Method <java.lang.StringBuilder: java.lang.String toString()> is phantom.
Method <java.io.PrintStream: void println(java.lang.String)> is phantom.
Method <java.io.PrintStream: void println(java.lang.String)> is phantom.
Method <java.lang.Object: void <init>()> is phantom.
Method <java.lang.Object: void <init>()> is phantom.
Parameter type java.lang.Object of <Graph$Comparator2: int compare(java.lang.Object,java.lang.Object)> is phantom.
Method signature <Graph$Comparator2: int compare(java.lang.Object,java.lang.Object)> contains phantom types.
Method <java.lang.Object: void <init>()> is phantom.
Method <java.lang.Object: void <init>()> is phantom.
Parameter type java.lang.Object of <Graph$Comparator1: int compare(java.lang.Object,java.lang.Object)> is phantom.
Method signature <Graph$Comparator1: int compare(java.lang.Object,java.lang.Object)> contains phantom types.
Method <java.util.LinkedList: java.util.Iterator iterator()> is phantom.
Method <java.util.LinkedList: java.util.Iterator iterator()> is phantom.
Method <java.util.Iterator: java.lang.Object next()> is phantom.
Method <java.util.Iterator: java.lang.Object next()> is phantom.
Method <java.util.Iterator: boolean hasNext()> is phantom.
Method <java.util.Iterator: boolean hasNext()> is phantom.
Method <java.util.LinkedList: java.util.Iterator iterator()> is phantom.
Method <java.util.LinkedList: java.util.Iterator iterator()> is phantom.
Method <java.util.Iterator: java.lang.Object next()> is phantom.
Method <java.util.Iterator: java.lang.Object next()> is phantom.
Method <java.util.Iterator: boolean hasNext()> is phantom.
Method <java.util.Iterator: boolean hasNext()> is phantom.
Method <java.lang.Object: void <init>()> is phantom.
Method <java.lang.Object: void <init>()> is phantom.
Method <java.lang.StringBuilder: void <init>(java.lang.String)> is phantom.
Method <java.lang.StringBuilder: void <init>(java.lang.String)> is phantom.
Method <java.lang.StringBuilder: java.lang.StringBuilder append(int)> is phantom.
Method <java.lang.StringBuilder: java.lang.StringBuilder append(int)> is phantom.
Method <java.lang.StringBuilder: java.lang.String toString()> is phantom.
Method <java.lang.StringBuilder: java.lang.String toString()> is phantom.
Method <java.io.PrintStream: void print(java.lang.String)> is phantom.
Method <java.io.PrintStream: void print(java.lang.String)> is phantom.
Method <java.lang.StringBuilder: void <init>(java.lang.String)> is phantom.
Method <java.lang.StringBuilder: void <init>(java.lang.String)> is phantom.
Method <java.lang.StringBuilder: java.lang.StringBuilder append(java.lang.String)> is phantom.
Method <java.lang.StringBuilder: java.lang.StringBuilder append(java.lang.String)> is phantom.
Method <java.lang.StringBuilder: java.lang.StringBuilder append(java.lang.String)> is phantom.
Method <java.lang.StringBuilder: java.lang.StringBuilder append(java.lang.String)> is phantom.
Method <java.lang.StringBuilder: java.lang.StringBuilder append(java.lang.String)> is phantom.
Method <java.lang.StringBuilder: java.lang.StringBuilder append(java.lang.String)> is phantom.
Method <java.lang.StringBuilder: java.lang.String toString()> is phantom.
Method <java.lang.StringBuilder: java.lang.String toString()> is phantom.
Method <java.io.PrintStream: void println(java.lang.String)> is phantom.
Method <java.io.PrintStream: void println(java.lang.String)> is phantom.
Method <java.util.LinkedList: java.util.Iterator iterator()> is phantom.
Method <java.util.LinkedList: java.util.Iterator iterator()> is phantom.
Method <java.util.Iterator: java.lang.Object next()> is phantom.
Method <java.util.Iterator: java.lang.Object next()> is phantom.
Method <java.util.Iterator: boolean hasNext()> is phantom.
Method <java.util.Iterator: boolean hasNext()> is phantom.
Method <java.util.LinkedList: java.util.Iterator iterator()> is phantom.
Method <java.util.LinkedList: java.util.Iterator iterator()> is phantom.
Method <java.util.Iterator: java.lang.Object next()> is phantom.
Method <java.util.Iterator: java.lang.Object next()> is phantom.
Method <java.util.Iterator: boolean hasNext()> is phantom.
Method <java.util.Iterator: boolean hasNext()> is phantom.
Method <java.lang.Object: void <init>()> is phantom.
Method <java.lang.Object: void <init>()> is phantom.
Method <java.lang.Object: void <init>()> is phantom.
Method <java.lang.Object: void <init>()> is phantom.
Method <java.lang.String: java.lang.String valueOf(java.lang.Object)> is phantom.
Method <java.lang.String: java.lang.String valueOf(java.lang.Object)> is phantom.
Method <java.lang.StringBuilder: void <init>(java.lang.String)> is phantom.
Method <java.lang.StringBuilder: void <init>(java.lang.String)> is phantom.
Method <java.lang.StringBuilder: java.lang.StringBuilder append(java.lang.String)> is phantom.
Method <java.lang.StringBuilder: java.lang.StringBuilder append(java.lang.String)> is phantom.
Method <java.lang.StringBuilder: java.lang.String toString()> is phantom.
Method <java.lang.StringBuilder: java.lang.String toString()> is phantom.
Method <java.io.PrintStream: void print(java.lang.String)> is phantom.
Method <java.io.PrintStream: void print(java.lang.String)> is phantom.
Method <java.lang.Object: void <init>()> is phantom.
Method <java.lang.Object: void <init>()> is phantom.
Method <java.lang.Object: void <init>()> is phantom.
Method <java.lang.Object: void <init>()> is phantom.
Method <java.util.LinkedList: void <init>()> is phantom.
Method <java.util.LinkedList: void <init>()> is phantom.
Method <java.util.LinkedList: void <init>()> is phantom.
Method <java.util.LinkedList: void <init>()> is phantom.
Method <java.util.LinkedList: void <init>()> is phantom.
Method <java.util.LinkedList: void <init>()> is phantom.
Method <java.util.LinkedList: void <init>()> is phantom.
Method <java.util.LinkedList: void <init>()> is phantom.
Parameter type java.lang.String of <Vertex: Vertex assignName(java.lang.String)> is phantom.
Method signature <Vertex: Vertex assignName(java.lang.String)> contains phantom types.
Return type java.lang.String of <Vertex: java.lang.String getName()> is phantom.
Method signature <Vertex: java.lang.String getName()> contains phantom types.
Method <java.util.LinkedList: boolean add(java.lang.Object)> is phantom.
Method <java.util.LinkedList: boolean add(java.lang.Object)> is phantom.
Method <java.util.LinkedList: java.lang.Object get(int)> is phantom.
Method <java.util.LinkedList: java.lang.Object get(int)> is phantom.
Method <java.lang.Integer: int intValue()> is phantom.
Method <java.lang.Integer: int intValue()> is phantom.
Method <java.lang.Integer: void <init>(int)> is phantom.
Method <java.lang.Integer: void <init>(int)> is phantom.
Method <java.util.LinkedList: boolean add(java.lang.Object)> is phantom.
Method <java.util.LinkedList: boolean add(java.lang.Object)> is phantom.
Method <java.util.LinkedList: boolean add(java.lang.Object)> is phantom.
Method <java.util.LinkedList: boolean add(java.lang.Object)> is phantom.
Method <java.util.LinkedList: java.lang.Object getLast()> is phantom.
Method <java.util.LinkedList: java.lang.Object getLast()> is phantom.
Method <java.util.LinkedList: boolean add(java.lang.Object)> is phantom.
Method <java.util.LinkedList: boolean add(java.lang.Object)> is phantom.
Return type java.util.LinkedList of <Vertex: java.util.LinkedList getNeighborsObj()> is phantom.
Method signature <Vertex: java.util.LinkedList getNeighborsObj()> contains phantom types.
Method <java.lang.Integer: void <init>(int)> is phantom.
Method <java.lang.Integer: void <init>(int)> is phantom.
Method <java.util.LinkedList: boolean add(java.lang.Object)> is phantom.
Method <java.util.LinkedList: boolean add(java.lang.Object)> is phantom.
Method <java.util.LinkedList: java.lang.Object getLast()> is phantom.
Method <java.util.LinkedList: java.lang.Object getLast()> is phantom.
Method <java.util.LinkedList: java.lang.Object getLast()> is phantom.
Method <java.util.LinkedList: java.lang.Object getLast()> is phantom.
Method <java.util.LinkedList: boolean add(java.lang.Object)> is phantom.
Method <java.util.LinkedList: boolean add(java.lang.Object)> is phantom.
Method <java.util.LinkedList: java.lang.Object get(int)> is phantom.
Method <java.util.LinkedList: java.lang.Object get(int)> is phantom.
Method <java.util.LinkedList: java.lang.Object remove(int)> is phantom.
Method <java.util.LinkedList: java.lang.Object remove(int)> is phantom.
Method <java.util.LinkedList: int size()> is phantom.
Method <java.util.LinkedList: int size()> is phantom.
Method <java.io.PrintStream: void print(java.lang.String)> is phantom.
Method <java.io.PrintStream: void print(java.lang.String)> is phantom.
Method <java.util.LinkedList: java.lang.Object get(int)> is phantom.
Method <java.util.LinkedList: java.lang.Object get(int)> is phantom.
Method <java.lang.Integer: int intValue()> is phantom.
Method <java.lang.Integer: int intValue()> is phantom.
Method <java.lang.String: java.lang.String valueOf(int)> is phantom.
Method <java.lang.String: java.lang.String valueOf(int)> is phantom.
Method <java.lang.StringBuilder: void <init>(java.lang.String)> is phantom.
Method <java.lang.StringBuilder: void <init>(java.lang.String)> is phantom.
Method <java.lang.StringBuilder: java.lang.StringBuilder append(java.lang.String)> is phantom.
Method <java.lang.StringBuilder: java.lang.StringBuilder append(java.lang.String)> is phantom.
Method <java.lang.StringBuilder: java.lang.String toString()> is phantom.
Method <java.lang.StringBuilder: java.lang.String toString()> is phantom.
Method <java.io.PrintStream: void print(java.lang.String)> is phantom.
Method <java.io.PrintStream: void print(java.lang.String)> is phantom.
Method <java.util.LinkedList: int size()> is phantom.
Method <java.util.LinkedList: int size()> is phantom.
Method <java.lang.StringBuilder: void <init>(java.lang.String)> is phantom.
Method <java.lang.StringBuilder: void <init>(java.lang.String)> is phantom.
Method <java.lang.StringBuilder: java.lang.StringBuilder append(java.lang.String)> is phantom.
Method <java.lang.StringBuilder: java.lang.StringBuilder append(java.lang.String)> is phantom.
Method <java.lang.StringBuilder: java.lang.StringBuilder append(java.lang.String)> is phantom.
Method <java.lang.StringBuilder: java.lang.StringBuilder append(java.lang.String)> is phantom.
Method <java.lang.StringBuilder: java.lang.String toString()> is phantom.
Method <java.lang.StringBuilder: java.lang.String toString()> is phantom.
Method <java.io.PrintStream: void print(java.lang.String)> is phantom.
Method <java.io.PrintStream: void print(java.lang.String)> is phantom.
Method <java.lang.String: java.lang.String valueOf(java.lang.Object)> is phantom.
Method <java.lang.String: java.lang.String valueOf(java.lang.Object)> is phantom.
Method <java.lang.StringBuilder: void <init>(java.lang.String)> is phantom.
Method <java.lang.StringBuilder: void <init>(java.lang.String)> is phantom.
Method <java.lang.StringBuilder: java.lang.StringBuilder append(java.lang.String)> is phantom.
Method <java.lang.StringBuilder: java.lang.StringBuilder append(java.lang.String)> is phantom.
Method <java.lang.StringBuilder: java.lang.String toString()> is phantom.
Method <java.lang.StringBuilder: java.lang.String toString()> is phantom.
Method <java.io.PrintStream: void print(java.lang.String)> is phantom.
Method <java.io.PrintStream: void print(java.lang.String)> is phantom.
Method <java.io.PrintStream: void print(java.lang.String)> is phantom.
Method <java.io.PrintStream: void print(java.lang.String)> is phantom.
Method <java.io.PrintStream: void println(java.lang.String)> is phantom.
Method <java.io.PrintStream: void println(java.lang.String)> is phantom.
Method <java.lang.StringBuilder: void <init>(java.lang.String)> is phantom.
Method <java.lang.StringBuilder: void <init>(java.lang.String)> is phantom.
Method <java.lang.StringBuilder: java.lang.StringBuilder append(int)> is phantom.
Method <java.lang.StringBuilder: java.lang.StringBuilder append(int)> is phantom.
Method <java.lang.StringBuilder: java.lang.StringBuilder append(java.lang.String)> is phantom.
Method <java.lang.StringBuilder: java.lang.StringBuilder append(java.lang.String)> is phantom.
Method <java.lang.StringBuilder: java.lang.String toString()> is phantom.
Method <java.lang.StringBuilder: java.lang.String toString()> is phantom.
Method <java.io.PrintStream: void print(java.lang.String)> is phantom.
Method <java.io.PrintStream: void print(java.lang.String)> is phantom.
Method <java.lang.StringBuilder: void <init>(java.lang.String)> is phantom.
Method <java.lang.StringBuilder: void <init>(java.lang.String)> is phantom.
Method <java.lang.StringBuilder: java.lang.StringBuilder append(int)> is phantom.
Method <java.lang.StringBuilder: java.lang.StringBuilder append(int)> is phantom.
Method <java.lang.StringBuilder: java.lang.StringBuilder append(java.lang.String)> is phantom.
Method <java.lang.StringBuilder: java.lang.StringBuilder append(java.lang.String)> is phantom.
Method <java.lang.StringBuilder: java.lang.String toString()> is phantom.
Method <java.lang.StringBuilder: java.lang.String toString()> is phantom.
Method <java.io.PrintStream: void print(java.lang.String)> is phantom.
Method <java.io.PrintStream: void print(java.lang.String)> is phantom.
Method <java.lang.StringBuilder: void <init>(java.lang.String)> is phantom.
Method <java.lang.StringBuilder: void <init>(java.lang.String)> is phantom.
Method <java.lang.StringBuilder: java.lang.StringBuilder append(int)> is phantom.
Method <java.lang.StringBuilder: java.lang.StringBuilder append(int)> is phantom.
Method <java.lang.StringBuilder: java.lang.StringBuilder append(java.lang.String)> is phantom.
Method <java.lang.StringBuilder: java.lang.StringBuilder append(java.lang.String)> is phantom.
Method <java.lang.StringBuilder: java.lang.StringBuilder append(int)> is phantom.
Method <java.lang.StringBuilder: java.lang.StringBuilder append(int)> is phantom.
Method <java.lang.StringBuilder: java.lang.String toString()> is phantom.
Method <java.lang.StringBuilder: java.lang.String toString()> is phantom.
Method <java.io.PrintStream: void print(java.lang.String)> is phantom.
Method <java.io.PrintStream: void print(java.lang.String)> is phantom.
Method <java.lang.StringBuilder: void <init>(java.lang.String)> is phantom.
Method <java.lang.StringBuilder: void <init>(java.lang.String)> is phantom.
Method <java.lang.StringBuilder: java.lang.StringBuilder append(int)> is phantom.
Method <java.lang.StringBuilder: java.lang.StringBuilder append(int)> is phantom.
Method <java.lang.StringBuilder: java.lang.StringBuilder append(java.lang.String)> is phantom.
Method <java.lang.StringBuilder: java.lang.StringBuilder append(java.lang.String)> is phantom.
Method <java.lang.StringBuilder: java.lang.String toString()> is phantom.
Method <java.lang.StringBuilder: java.lang.String toString()> is phantom.
Method <java.io.PrintStream: void print(java.lang.String)> is phantom.
Method <java.io.PrintStream: void print(java.lang.String)> is phantom.
Method <java.io.PrintStream: void print(java.lang.String)> is phantom.
Method <java.io.PrintStream: void print(java.lang.String)> is phantom.
Method <java.lang.StringBuilder: void <init>(java.lang.String)> is phantom.
Method <java.lang.StringBuilder: void <init>(java.lang.String)> is phantom.
Method <java.lang.StringBuilder: java.lang.StringBuilder append(java.lang.String)> is phantom.
Method <java.lang.StringBuilder: java.lang.StringBuilder append(java.lang.String)> is phantom.
Method <java.lang.StringBuilder: java.lang.StringBuilder append(java.lang.String)> is phantom.
Method <java.lang.StringBuilder: java.lang.StringBuilder append(java.lang.String)> is phantom.
Method <java.lang.StringBuilder: java.lang.String toString()> is phantom.
Method <java.lang.StringBuilder: java.lang.String toString()> is phantom.
Method <java.io.PrintStream: void print(java.lang.String)> is phantom.
Method <java.io.PrintStream: void print(java.lang.String)> is phantom.
Method <java.lang.StringBuilder: void <init>(java.lang.String)> is phantom.
Method <java.lang.StringBuilder: void <init>(java.lang.String)> is phantom.
Method <java.lang.StringBuilder: java.lang.StringBuilder append(java.lang.String)> is phantom.
Method <java.lang.StringBuilder: java.lang.StringBuilder append(java.lang.String)> is phantom.
Method <java.lang.StringBuilder: java.lang.StringBuilder append(java.lang.String)> is phantom.
Method <java.lang.StringBuilder: java.lang.StringBuilder append(java.lang.String)> is phantom.
Method <java.lang.StringBuilder: java.lang.StringBuilder append(int)> is phantom.
Method <java.lang.StringBuilder: java.lang.StringBuilder append(int)> is phantom.
Method <java.lang.StringBuilder: java.lang.StringBuilder append(java.lang.String)> is phantom.
Method <java.lang.StringBuilder: java.lang.StringBuilder append(java.lang.String)> is phantom.
Method <java.lang.StringBuilder: java.lang.String toString()> is phantom.
Method <java.lang.StringBuilder: java.lang.String toString()> is phantom.
Method <java.io.PrintStream: void print(java.lang.String)> is phantom.
Method <java.io.PrintStream: void print(java.lang.String)> is phantom.
Method <java.io.PrintStream: void println()> is phantom.
Method <java.io.PrintStream: void println()> is phantom.
Generated artifact-to-class map for 1 artifacts.
Soot fact generation time: 931
Caching facts in /home/ramy/doop-lifted/cache/7ae66638743ca2ec73cd44f8f78819b79e6134377daf6270ea29f6b537b6a0e7
Copying /home/ramy/doop-lifted/out/context-insensitive/d97f6898445e82b1a863fa08780e0bef60ed0200db8d745e5ae29ade8baf41ea/facts to /home/ramy/doop-lifted/cache/7ae66638743ca2ec73cd44f8f78819b79e6134377daf6270ea29f6b537b6a0e7...
----
[Task FACTS Done]
[Task COMPILE...]
Compiling Datalog to C++ program and executable
Compilation command: [souffle, /home/ramy/doop-lifted/out/context-insensitive/d97f6898445e82b1a863fa08780e0bef60ed0200db8d745e5ae29ade8baf41ea/gen_5531510462600885799.dl, -j8, -F/home/ramy/doop-lifted/out/context-insensitive/d97f6898445e82b1a863fa08780e0bef60ed0200db8d745e5ae29ade8baf41ea/facts, -D/home/ramy/doop-lifted/out/context-insensitive/d97f6898445e82b1a863fa08780e0bef60ed0200db8d745e5ae29ade8baf41ea/database]
Warning: No rules/facts defined for relation isOpaqueMethod in file gen_6634620766920478042.dl at line 53
Warning: No rules/facts defined for relation mainAnalysis.StringFactoryVarPointsTo in file gen_6634620766920478042.dl at line 1376
Warning: No rules/facts defined for relation mainAnalysis.OptInterproceduralAssign in file gen_6634620766920478042.dl at line 1640
Warning: No rules/facts defined for relation mainAnalysis.HeapAllocation_Keep in file gen_6634620766920478042.dl at line 1887
Warning: No rules/facts defined for relation mainAnalysis.ReflectionSubstringObject in file gen_6634620766920478042.dl at line 1940
Warning: No rules/facts defined for relation mainAnalysis.PreClassNameMatchingStringConstantInexact_Type in file gen_6634620766920478042.dl at line 1954
Warning: No rules/facts defined for relation mainAnalysis.PreMethodNameMatchingStringConstantInexact_Signature in file gen_6634620766920478042.dl at line 1971
Warning: No rules/facts defined for relation mainAnalysis.PreFieldNameMatchingStringConstantInexact_Signature in file gen_6634620766920478042.dl at line 1982
Warning: No rules/facts defined for relation mainAnalysis.AllocationShouldBeMergedPerClass in file gen_6634620766920478042.dl at line 2047
Warning: No rules/facts defined for relation mainAnalysis.AllocationShouldBeMergedPerPackage in file gen_6634620766920478042.dl at line 2114
Warning: No rules/facts defined for relation mainAnalysis.AllocationShouldBeMergedGlobally in file gen_6634620766920478042.dl at line 2138
Warning: No rules/facts defined for relation mainAnalysis.StringFactoryVar in file gen_6634620766920478042.dl at line 2191
Warning: No rules/facts defined for relation MockObjFromField in file gen_6634620766920478042.dl at line 2825
pcMap size: 2
Analysis compilation time (sec): 5362
Caching analysis executable 98d361af8323adb69075964ce5cf6411de7e1a3c38f5af807f798d4bbd645611 in /home/ramy/doop-lifted/cache/souffle-analyses/context-insensitive
[Task COMPILE Done]
Warning: No rules/facts defined for relation isOpaqueMethod in file gen_5531510462600885799.dl at line 53
Warning: No rules/facts defined for relation mainAnalysis.StringFactoryVarPointsTo in file gen_5531510462600885799.dl at line 1376
Warning: No rules/facts defined for relation mainAnalysis.OptInterproceduralAssign in file gen_5531510462600885799.dl at line 1640
Warning: No rules/facts defined for relation mainAnalysis.HeapAllocation_Keep in file gen_5531510462600885799.dl at line 1887
Warning: No rules/facts defined for relation mainAnalysis.ReflectionSubstringObject in file gen_5531510462600885799.dl at line 1940
Warning: No rules/facts defined for relation mainAnalysis.PreClassNameMatchingStringConstantInexact_Type in file gen_5531510462600885799.dl at line 1954
Warning: No rules/facts defined for relation mainAnalysis.PreMethodNameMatchingStringConstantInexact_Signature in file gen_5531510462600885799.dl at line 1971
Warning: No rules/facts defined for relation mainAnalysis.PreFieldNameMatchingStringConstantInexact_Signature in file gen_5531510462600885799.dl at line 1982
Warning: No rules/facts defined for relation mainAnalysis.AllocationShouldBeMergedPerClass in file gen_5531510462600885799.dl at line 2047
Warning: No rules/facts defined for relation mainAnalysis.AllocationShouldBeMergedPerPackage in file gen_5531510462600885799.dl at line 2114
Warning: No rules/facts defined for relation mainAnalysis.AllocationShouldBeMergedGlobally in file gen_5531510462600885799.dl at line 2138
Warning: No rules/facts defined for relation mainAnalysis.StringFactoryVar in file gen_5531510462600885799.dl at line 2191
Warning: No rules/facts defined for relation MockObjFromField in file gen_5531510462600885799.dl at line 2825
pcMap size: 2
Analysis compilation time (sec): 4825
Caching analysis executable 98d361af8323adb69075964ce5cf6411de7e1a3c38f5af807f798d4bbd645611 in /home/ramy/doop-lifted/cache/souffle-analyses/context-insensitive
[Task COMPILE Done]
-- Runtime metrics --
analysis compilation time (sec)                                                  4,825
analysis execution time (sec)                                                    0
disk footprint (KB)                                                              314
soot-fact-generation time (sec)                                                  931
-- Statistics --
var points-to (INS)                                                              998
var points-to (SENS)                                                             998
reachable variables (INS)                                                        643
reachable variables (SENS)                                                       643
reachable methods (INS)                                                          150
reachable methods (SENS)                                                         150
virtual call sites (statically)                                                  230
reachable virtual call sites                                                     230
polymorphic virtual call sites                                                   1
null virtual call sites                                                          13
empty virtual call sites                                                         78
app virtual call sites (statically)                                              230
app reachable virtual call sites                                                 230
app polymorphic virtual call sites                                               1
app null virtual call sites                                                      13
app empty virtual call sites                                                     78
array index points-to (INS)                                                      6
array index points-to (SENS)                                                     6
casts (statically)                                                               28
reachable casts                                                                  6
reachable casts that may fail                                                    6
app casts (statically)                                                           28
app reachable casts                                                              6
app reachable casts that may fail                                                6
app reachable methods                                                            136
instance field points-to (INS)                                                   58
instance field points-to (SENS)                                                  58
static field points-to (INS)                                                     4
static field points-to (SENS)                                                    4
app array index points-to (INS)                                                  5
app array index points-to (SENS)                                                 5
Entry Points                                                                     111
Mock Objects                                                                     27
Mock Objects for Receivers                                                       24
Mock Objects for Fields                                                          0
Mock Objects for Arrays                                                          1
Mock Objects for Formals                                                         9
app instance field points-to (INS)                                               47
app instance field points-to (SENS)                                              47
call graph edges (INS)                                                           247
call graph edges (SENS)                                                          247
non-reachable app concrete methods                                               4
Making database available at /home/ramy/doop-lifted/results/GPL/context-insensitive/java_7/d97f6898445e82b1a863fa08780e0bef60ed0200db8d745e5ae29ade8baf41ea
Making database available at /home/ramy/doop-lifted/last-analysis

BUILD SUCCESSFUL in 12s
5 actionable tasks: 1 executed, 4 up-to-date
